ENTER: m_allocator()
00001 nge_timer.c(00016)::??                     malloc            :         40 bytes     
                                                                 OK:   094A7C70 (hash: 1991)
EXIT : m_allocator()
ENTER: m_allocator()
00002 nge_image_load.c(00290)::??                malloc            :      1,920 (   1.88K)
                                                                 OK:   094B0678 (hash: 103)
EXIT : m_allocator()
ENTER: m_allocator()
00003 nge_image_load.c(00303)::??                malloc            :  1,048,576 (1024.00K)
                                                                 OK:   098F0030 (hash: 3)
EXIT : m_allocator()
ENTER: m_deallocator()
      nge_image_load.c(00341)::??                  free(  094B0678)
EXIT : m_deallocator()
ENTER: m_allocator()
00004 nge_image_load.c(00346)::??                malloc            :         52 bytes     
                                                                 OK:   003D8288 (hash: 2088)
EXIT : m_allocator()
ENTER: m_allocator()
00005 nge_image_effect.c(00188)::??              malloc            :         68 bytes     
                                                                 OK:   094B0018 (hash: 1)
EXIT : m_allocator()
ENTER: m_allocator()
00006 nge_timer.c(00016)::??                     malloc            :         40 bytes     
                                                                 OK:   094B0090 (hash: 9)
EXIT : m_allocator()
ENTER: m_deallocator()
      nge_image_load.c(02352)::??                  free(  098F0030)
EXIT : m_deallocator()
ENTER: m_deallocator()
      nge_image_load.c(02353)::??                  free(  003D8288)
EXIT : m_deallocator()
ENTER: m_deallocator()
      nge_timer.c(00030)::??                       free(  094B0090)
EXIT : m_deallocator()
ENTER: m_deallocator()
      nge_image_effect.c(00176)::??                free(  094B0018)
EXIT : m_deallocator()
ENTER: m_allocator()
00007 nge_image_load.c(00290)::??                malloc            :      1,920 (   1.88K)
                                                                 OK:   003DB018 (hash: 2817)
EXIT : m_allocator()
ENTER: m_allocator()
00008 nge_image_load.c(00303)::??                malloc            :  1,048,576 (1024.00K)
                                                                 OK:   098F0030 (hash: 3)
EXIT : m_allocator()
ENTER: m_deallocator()
      nge_image_load.c(00341)::??                  free(  003DB018)
EXIT : m_deallocator()
ENTER: m_allocator()
00009 nge_image_load.c(00346)::??                malloc            :         52 bytes     
                                                                 OK:   003D8288 (hash: 2088)
EXIT : m_allocator()
ENTER: m_allocator()
00010 nge_image_effect.c(00341)::??              malloc            :         68 bytes     
                                                                 OK:   094B0018 (hash: 1)
EXIT : m_allocator()
ENTER: m_allocator()
00011 nge_timer.c(00016)::??                     malloc            :         40 bytes     
                                                                 OK:   094B0090 (hash: 9)
EXIT : m_allocator()
ENTER: m_deallocator()
      nge_image_load.c(02352)::??                  free(  098F0030)
EXIT : m_deallocator()
ENTER: m_deallocator()
      nge_image_load.c(02353)::??                  free(  003D8288)
EXIT : m_deallocator()
ENTER: m_deallocator()
      nge_timer.c(00030)::??                       free(  094B0090)
EXIT : m_deallocator()
ENTER: m_deallocator()
      nge_image_effect.c(00329)::??                free(  094B0018)
EXIT : m_deallocator()
ENTER: m_allocator()
00012 nge_image_load.c(00290)::??                malloc            :        280 bytes     
                                                                 OK:   094B0110 (hash: 17)
EXIT : m_allocator()
ENTER: m_allocator()
00013 nge_image_load.c(00303)::??                malloc            :      8,192 (   8.00K)
                                                                 OK:   094A8FF8 (hash: 2303)
EXIT : m_allocator()
ENTER: m_deallocator()
      nge_image_load.c(00341)::??                  free(  094B0110)
EXIT : m_deallocator()
ENTER: m_allocator()
00014 nge_image_load.c(00346)::??                malloc            :         52 bytes     
                                                                 OK:   003D8288 (hash: 2088)
EXIT : m_allocator()
ENTER: m_allocator()
00015 nge_image_load.c(00290)::??                malloc            :        280 bytes     
                                                                 OK:   094B0110 (hash: 17)
EXIT : m_allocator()
ENTER: m_allocator()
00016 nge_image_load.c(00303)::??                malloc            :      8,192 (   8.00K)
                                                                 OK:   003DCBE0 (hash: 3262)
EXIT : m_allocator()
ENTER: m_deallocator()
      nge_image_load.c(00341)::??                  free(  094B0110)
EXIT : m_deallocator()
ENTER: m_allocator()
00017 nge_image_load.c(00346)::??                malloc            :         52 bytes     
                                                                 OK:   094ADE30 (hash: 3555)
EXIT : m_allocator()
ENTER: m_allocator()
00018 nge_image_load.c(00290)::??                malloc            :        224 bytes     
                                                                 OK:   094ABED8 (hash: 3053)
EXIT : m_allocator()
ENTER: m_allocator()
00019 nge_image_load.c(00303)::??                malloc            :      4,096 (   4.00K)
                                                                 OK:   003DA2F8 (hash: 2607)
EXIT : m_allocator()
ENTER: m_deallocator()
      nge_image_load.c(00341)::??                  free(  094ABED8)
EXIT : m_deallocator()
ENTER: m_allocator()
00020 nge_image_load.c(00346)::??                malloc            :         52 bytes     
                                                                 OK:   003DECC0 (hash: 3788)
EXIT : m_allocator()
ENTER: m_allocator()
00021 nge_image_load.c(00290)::??                malloc            :        224 bytes     
                                                                 OK:   094ABED8 (hash: 3053)
EXIT : m_allocator()
ENTER: m_allocator()
00022 nge_image_load.c(00303)::??                malloc            :      4,096 (   4.00K)
                                                                 OK:   003D91E8 (hash: 2334)
EXIT : m_allocator()
ENTER: m_deallocator()
      nge_image_load.c(00341)::??                  free(  094ABED8)
EXIT : m_deallocator()
ENTER: m_allocator()
00023 nge_image_load.c(00346)::??                malloc            :         52 bytes     
                                                                 OK:   003DA210 (hash: 2593)
EXIT : m_allocator()
ENTER: m_allocator()
00024 nge_image_load.c(00290)::??                malloc            :        224 bytes     
                                                                 OK:   094ABED8 (hash: 3053)
EXIT : m_allocator()
ENTER: m_allocator()
00025 nge_image_load.c(00303)::??                malloc            :      4,096 (   4.00K)
                                                                 OK:   094AEFE8 (hash: 3838)
EXIT : m_allocator()
ENTER: m_deallocator()
      nge_image_load.c(00341)::??                  free(  094ABED8)
EXIT : m_deallocator()
ENTER: m_allocator()
00026 nge_image_load.c(00346)::??                malloc            :         52 bytes     
                                                                 OK:   003DA278 (hash: 2599)
EXIT : m_allocator()
ENTER: m_allocator()
00027 nge_image_load.c(00290)::??                malloc            :        224 bytes     
                                                                 OK:   094ABED8 (hash: 3053)
EXIT : m_allocator()
ENTER: m_allocator()
00028 nge_image_load.c(00303)::??                malloc            :      4,096 (   4.00K)
                                                                 OK:   094B5420 (hash: 1346)
EXIT : m_allocator()
ENTER: m_deallocator()
      nge_image_load.c(00341)::??                  free(  094ABED8)
EXIT : m_deallocator()
ENTER: m_allocator()
00029 nge_image_load.c(00346)::??                malloc            :         52 bytes     
                                                                 OK:   003DED28 (hash: 3794)
EXIT : m_allocator()
ENTER: m_allocator()
00030 nge_image_load.c(01195)::??                malloc            :  1,048,576 (1024.00K)
                                                                 OK:   098F0030 (hash: 3)
EXIT : m_allocator()
ENTER: m_allocator()
00031 nge_image_load.c(01197)::??                malloc            :      1,440 (   1.41K)
                                                                 OK:   094AB020 (hash: 2818)
EXIT : m_allocator()
ENTER: m_deallocator()
      nge_image_load.c(01237)::??                  free(  094AB020)
EXIT : m_deallocator()
ENTER: m_allocator()
00032 nge_image_load.c(01240)::??                malloc            :         52 bytes     
                                                                 OK:   003DEDF0 (hash: 3807)
EXIT : m_allocator()
ENTER: m_allocator()
00033 nge_image_load.c(00290)::??                malloc            :      1,920 (   1.88K)
                                                                 OK:   003DC368 (hash: 3126)
EXIT : m_allocator()
ENTER: m_allocator()
00034 nge_image_load.c(00303)::??                malloc            :  1,048,576 (1024.00K)
                                                                 OK:   09B90030 (hash: 3)
EXIT : m_allocator()
ENTER: m_deallocator()
      nge_image_load.c(00341)::??                  free(  003DC368)
EXIT : m_deallocator()
ENTER: m_allocator()
00035 nge_image_load.c(00346)::??                malloc            :         52 bytes     
                                                                 OK:   003DEE58 (hash: 3813)
EXIT : m_allocator()
ENTER: m_allocator()
00036 nge_image_load.c(00290)::??                malloc            :      1,396 (   1.36K)
                                                                 OK:   003DB320 (hash: 2866)
EXIT : m_allocator()
ENTER: m_allocator()
00037 nge_image_load.c(00303)::??                malloc            :    262,144 ( 256.00K)
                                                                 OK:   094BC6E8 (hash: 3182)
EXIT : m_allocator()
ENTER: m_deallocator()
      nge_image_load.c(00341)::??                  free(  003DB320)
EXIT : m_deallocator()
ENTER: m_allocator()
00038 nge_image_load.c(00346)::??                malloc            :         52 bytes     
                                                                 OK:   003DEEC0 (hash: 3820)
EXIT : m_allocator()
ENTER: m_allocator()
00039 nge_image_load.c(00290)::??                malloc            :      1,396 (   1.36K)
                                                                 OK:   094BC018 (hash: 3073)
EXIT : m_allocator()
ENTER: m_allocator()
00040 nge_image_load.c(00303)::??                malloc            :    262,144 ( 256.00K)
                                                                 OK:   095023F8 (hash: 575)
EXIT : m_allocator()
ENTER: m_deallocator()
      nge_image_load.c(00341)::??                  free(  094BC018)
EXIT : m_deallocator()
ENTER: m_allocator()
00041 nge_image_load.c(00346)::??                malloc            :         52 bytes     
                                                                 OK:   003DEF28 (hash: 3826)
EXIT : m_allocator()
ENTER: m_allocator()
00042 nge_image_load.c(00290)::??                malloc            :        196 bytes     
                                                                 OK:   003D8F40 (hash: 2292)
EXIT : m_allocator()
ENTER: m_allocator()
00043 nge_image_load.c(00303)::??                malloc            :      4,096 (   4.00K)
                                                                 OK:   094B4310 (hash: 1073)
EXIT : m_allocator()
ENTER: m_deallocator()
      nge_image_load.c(00341)::??                  free(  003D8F40)
EXIT : m_deallocator()
ENTER: m_allocator()
00044 nge_image_load.c(00346)::??                malloc            :         52 bytes     
                                                                 OK:   003DEF90 (hash: 3833)
EXIT : m_allocator()
ENTER: m_allocator()
00045 nge_image_load.c(00290)::??                malloc            :        196 bytes     
                                                                 OK:   003D8F40 (hash: 2292)
EXIT : m_allocator()
ENTER: m_allocator()
00046 nge_image_load.c(00303)::??                malloc            :      4,096 (   4.00K)
                                                                 OK:   094B6448 (hash: 1604)
EXIT : m_allocator()
ENTER: m_deallocator()
      nge_image_load.c(00341)::??                  free(  003D8F40)
EXIT : m_deallocator()
ENTER: m_allocator()
00047 nge_image_load.c(00346)::??                malloc            :         52 bytes     
                                                                 OK:   003D9038 (hash: 2307)
EXIT : m_allocator()
ENTER: m_allocator()
00048 nge_image_load.c(00290)::??                malloc            :      1,920 (   1.88K)
                                                                 OK:   003DC368 (hash: 3126)
EXIT : m_allocator()
ENTER: m_allocator()
00049 nge_image_load.c(00303)::??                malloc            :  1,048,576 (1024.00K)
                                                                 OK:   09CA0030 (hash: 3)
EXIT : m_allocator()
ENTER: m_deallocator()
      nge_image_load.c(00341)::??                  free(  003DC368)
EXIT : m_deallocator()
ENTER: m_allocator()
00050 nge_image_load.c(00346)::??                malloc            :         52 bytes     
                                                                 OK:   003D90A0 (hash: 2314)
EXIT : m_allocator()
ENTER: m_allocator()
00051 nge_image_load.c(00290)::??                malloc            :        280 bytes     
                                                                 OK:   094B0110 (hash: 17)
EXIT : m_allocator()
ENTER: m_allocator()
00052 nge_image_load.c(00303)::??                malloc            :     32,768 (  32.00K)
                                                                 OK:   09542420 (hash: 578)
EXIT : m_allocator()
ENTER: m_deallocator()
      nge_image_load.c(00341)::??                  free(  094B0110)
EXIT : m_deallocator()
ENTER: m_allocator()
00053 nge_image_load.c(00346)::??                malloc            :         52 bytes     
                                                                 OK:   003D9108 (hash: 2320)
EXIT : m_allocator()
ENTER: m_allocator()
00054 nge_image_load.c(00290)::??                malloc            :        164 bytes     
                                                                 OK:   094BC418 (hash: 3137)
EXIT : m_allocator()
ENTER: m_allocator()
00055 nge_image_load.c(00303)::??                malloc            :      8,192 (   8.00K)
                                                                 OK:   094B7470 (hash: 1863)
EXIT : m_allocator()
ENTER: m_deallocator()
      nge_image_load.c(00341)::??                  free(  094BC418)
EXIT : m_deallocator()
ENTER: m_allocator()
00056 nge_image_load.c(00346)::??                malloc            :         52 bytes     
                                                                 OK:   003D9170 (hash: 2327)
EXIT : m_allocator()
ENTER: m_allocator()
00057 nge_image_load.c(00290)::??                malloc            :        164 bytes     
                                                                 OK:   094BC418 (hash: 3137)
EXIT : m_allocator()
ENTER: m_allocator()
00058 nge_image_load.c(00303)::??                malloc            :      8,192 (   8.00K)
                                                                 OK:   094FC710 (hash: 3185)
EXIT : m_allocator()
ENTER: m_deallocator()
      nge_image_load.c(00341)::??                  free(  094BC418)
EXIT : m_deallocator()
ENTER: m_allocator()
00059 nge_image_load.c(00346)::??                malloc            :         52 bytes     
                                                                 OK:   09502128 (hash: 530)
EXIT : m_allocator()
